<?xml version="1.0" encoding="UTF-8"?>
<testsuite xmlns:xsi="http://www.w3.org/2001/XMLSchema-instance" xsi:noNamespaceSchemaLocation="https://maven.apache.org/surefire/maven-surefire-plugin/xsd/surefire-test-report-3.0.xsd" version="3.0" name="com.example.zkappdemo.ZkAppDemoApplicationTests" time="7.757" tests="4" errors="0" skipped="0" failures="0">
  <properties>
[...]
</properties>
  <testcase name="loginPageIsNotRedirectedByAuthorization" classname="com.example.zkappdemo.ZkAppDemoApplicationTests" time="1.743">
    <system-out><![CDATA[18:18:45.132 [main] INFO org.springframework.test.context.support.AnnotationConfigContextLoaderUtils -- Could not detect default configuration classes for test class [com.example.zkappdemo.ZkAppDemoApplicationTests]: ZkAppDemoApplicationTests does not declare any static, non-private, non-final, nested classes annotated with @Configuration.
18:18:45.420 [main] INFO org.springframework.boot.test.context.SpringBootTestContextBootstrapper -- Found @SpringBootConfiguration com.example.zkappdemo.ZkAppDemoApplication for test class com.example.zkappdemo.ZkAppDemoApplicationTests

  .   ____          _            __ _ _
 /\\ / ___'_ __ _ _(_)_ __  __ _ \ \ \ \
( ( )\___ | '_ | '_| | '_ \/ _` | \ \ \ \
 \\/  ___)| |_)| | | | | || (_| |  ) ) ) )
  '  |____| .__|_| |_|_| |_\__, | / / / /
 =========|_|==============|___/=/_/_/_/

 :: Spring Boot ::                (v4.0.0)

2026-09-18T18:18:46.407+02:00  INFO 14064 --- [zkapp-example] [           main] c.e.zkappdemo.ZkAppDemoApplicationTests  : Starting ZkAppDemoApplicationTests using Java 25.0.4.1 with PID 14064 (started by diego in E:\GITHUB\zkapp\zkapp-example)
2026-09-18T18:18:46.411+02:00  INFO 14064 --- [zkapp-example] [           main] c.e.zkappdemo.ZkAppDemoApplicationTests  : No active profile set, falling back to 1 default profile: "default"
2026-09-18T18:18:49.644+02:00  INFO 14064 --- [zkapp-example] [           main] eAuthenticationProviderManagerConfigurer : Global AuthenticationManager configured with AuthenticationProvider bean with name authenticationProvider
2026-09-18T18:18:50.334+02:00  INFO 14064 --- [zkapp-example] [           main] o.s.b.t.m.w.SpringBootMockServletContext : Initializing Spring TestDispatcherServlet ''
2026-09-18T18:18:50.335+02:00  INFO 14064 --- [zkapp-example] [           main] o.s.t.web.servlet.TestDispatcherServlet  : Initializing Servlet ''
2026-09-18T18:18:50.340+02:00  INFO 14064 --- [zkapp-example] [           main] o.s.t.web.servlet.TestDispatcherServlet  : Completed initialization in 3 ms
2026-09-18T18:18:50.400+02:00  INFO 14064 --- [zkapp-example] [           main] c.e.zkappdemo.ZkAppDemoApplicationTests  : Started ZkAppDemoApplicationTests in 4.628 seconds (process running for 7.503)
]]></system-out>
    <system-err><![CDATA[Mockito is currently self-attaching to enable the inline-mock-maker. This will no longer work in future releases of the JDK. Please add Mockito as an agent to your build as described in Mockito's documentation: https://javadoc.io/doc/org.mockito/mockito-core/latest/org.mockito/org/mockito/Mockito.html#0.3
WARNING: A Java agent has been loaded dynamically (C:\Users\diego\.m2\repository\net\bytebuddy\byte-buddy-agent\1.17.8\byte-buddy-agent-1.17.8.jar)
WARNING: If a serviceability tool is in use, please run with -XX:+EnableDynamicAgentLoading to hide this warning
WARNING: If a serviceability tool is not in use, please run with -Djdk.instrument.traceUsage for more information
WARNING: Dynamic loading of agents will be disallowed by default in a future release
]]></system-err>
  </testcase>
  <testcase name="authenticatedUserIsNotRedirectedToLoginForHomePage" classname="com.example.zkappdemo.ZkAppDemoApplicationTests" time="0.133"/>
  <testcase name="unauthenticatedRequestToHomePageIsRedirectedToLogin" classname="com.example.zkappdemo.ZkAppDemoApplicationTests" time="0.026"/>
  <testcase name="logoutRedirectsToLoginWithLogoutParam" classname="com.example.zkappdemo.ZkAppDemoApplicationTests" time="0.027">
    <system-out><![CDATA[2026-09-18T18:18:52.368+02:00  INFO 14064 --- [zkapp-example] [           main] com.example.zkapp.audit                  : [LOGOUT] application=DEMO user=demo detail=Logout metadata={} timestamp=2026-09-18T16:18:52.368531600Z
]]></system-out>
  </testcase>
</testsuite>