<?xml version="1.0" encoding="UTF-8"?>
<testsuite xmlns:xsi="http://www.w3.org/2001/XMLSchema-instance" xsi:noNamespaceSchemaLocation="https://maven.apache.org/surefire/maven-surefire-plugin/xsd/surefire-test-report-3.0.xsd" version="3.0" name="com.example.zkapp.core.config.ZkAppPropertiesTest" time="2.792" tests="4" errors="0" skipped="0" failures="0">
  <properties>
[...]
</properties>
  <testcase name="effectiveUiTitleFallsBackToApplicationName" classname="com.example.zkapp.core.config.ZkAppPropertiesTest" time="0.194"/>
  <testcase name="failsFastWhenApplicationCodeIsBlank" classname="com.example.zkapp.core.config.ZkAppPropertiesTest" time="1.998">
    <system-out><![CDATA[18:18:08.718 [main] INFO org.hibernate.validator.internal.util.Version -- HV000001: Hibernate Validator 9.0.1.Final
18:18:09.936 [main] WARN org.springframework.context.annotation.AnnotationConfigApplicationContext -- Exception encountered during context initialization - cancelling refresh attempt: org.springframework.boot.context.properties.ConfigurationPropertiesBindException: Error creating bean with name 'zkAppProperties': Could not bind properties to 'ZkAppProperties' : prefix=zkapp, ignoreInvalidFields=false, ignoreUnknownFields=true
]]></system-out>
  </testcase>
  <testcase name="appliesOverrides" classname="com.example.zkapp.core.config.ZkAppPropertiesTest" time="0.236"/>
  <testcase name="loadsDefaultValues" classname="com.example.zkapp.core.config.ZkAppPropertiesTest" time="0.088"/>
</testsuite>